--- Tool Versions ---
Go: go version go1.24.4 darwin/arm64
protoc: libprotoc 25.7
protoc-gen-go: protoc-gen-go v1.35.2
protoc-gen-go-grpc: protoc-gen-go-grpc 1.3.0
protoc-gen-go_gapic: v0.53.1
---------------------
time=2025-08-11T14:19:31.871-06:00 level=INFO msg="librariangen: invoked" args="[./librariangen generate --source=/Users/chrisdsmith/oss/googleapis --librarian=/var/folders/zk/_5rh6nq91db_fkzrcrh5v0w400xrml/T/tmp.XXXXXXXXXX.GV67dGX3id/librarian --output=/var/folders/zk/_5rh6nq91db_fkzrcrh5v0w400xrml/T/tmp.XXXXXXXXXX.GV67dGX3id/output]"
time=2025-08-11T14:19:31.872-06:00 level=INFO msg="processing api" service_dir=/Users/chrisdsmith/oss/googleapis/google/cloud/chronicle/v1
time=2025-08-11T14:19:34.694-06:00 level=INFO msg="librariangen: finished successfully"
--- Git Reset Summary ---
HEAD is now at 1197ebcbca fix(auth): set Content-Type in userTokenProvider.exchangeToken (#12634)
--- Git Status Summary ---
On branch main
Your branch is up to date with 'origin/main'.

Changes to be committed:
  (use "git restore --staged <file>..." to unstage)
	deleted:    chronicle/CHANGES.md
	modified:   chronicle/apiv1/chroniclepb/data_access_control.pb.go
	modified:   chronicle/apiv1/chroniclepb/data_access_control_grpc.pb.go
	modified:   chronicle/apiv1/chroniclepb/entity.pb.go
	modified:   chronicle/apiv1/chroniclepb/entity_grpc.pb.go
	modified:   chronicle/apiv1/chroniclepb/instance.pb.go
	modified:   chronicle/apiv1/chroniclepb/instance_grpc.pb.go
	modified:   chronicle/apiv1/chroniclepb/reference_list.pb.go
	modified:   chronicle/apiv1/chroniclepb/reference_list_grpc.pb.go
	modified:   chronicle/apiv1/chroniclepb/rule.pb.go
	modified:   chronicle/apiv1/chroniclepb/rule_grpc.pb.go
	modified:   chronicle/go.mod
	modified:   chronicle/go.sum
	modified:   chronicle/internal/version.go


--- Diff for chronicle/go.mod ---
diff --git a/chronicle/go.mod b/chronicle/go.mod
index 0c45865e24..98a66fb9bc 100644
--- a/chronicle/go.mod
+++ b/chronicle/go.mod
@@ -1,19 +1,19 @@
 module cloud.google.com/go/chronicle
 
-go 1.23.0
+go 1.24.4
 
 require (
 	cloud.google.com/go/longrunning v0.6.7
 	github.com/googleapis/gax-go/v2 v2.15.0
 	google.golang.org/api v0.246.0
-	google.golang.org/genproto v0.0.0-20250603155806-513f23925822
-	google.golang.org/genproto/googleapis/api v0.0.0-20250804133106-a7a43d27e69b
+	google.golang.org/genproto v0.0.0-20250811160224-6b04f9b4fc78
+	google.golang.org/genproto/googleapis/api v0.0.0-20250811160224-6b04f9b4fc78
 	google.golang.org/grpc v1.74.2
 	google.golang.org/protobuf v1.36.7
 )
 
 require (
-	cloud.google.com/go v0.120.1 // indirect
+	cloud.google.com/go v0.120.0 // indirect
 	cloud.google.com/go/auth v0.16.3 // indirect
 	cloud.google.com/go/auth/oauth2adapt v0.2.8 // indirect
 	cloud.google.com/go/compute/metadata v0.7.0 // indirect
@@ -35,5 +35,5 @@ require (
 	golang.org/x/sys v0.34.0 // indirect
 	golang.org/x/text v0.27.0 // indirect
 	golang.org/x/time v0.12.0 // indirect
-	google.golang.org/genproto/googleapis/rpc v0.0.0-20250728155136-f173205681a0 // indirect
+	google.golang.org/genproto/googleapis/rpc v0.0.0-20250804133106-a7a43d27e69b // indirect
 )

--- Diff for chronicle/go.sum ---
diff --git a/chronicle/go.sum b/chronicle/go.sum
index f375558574..78c81e99ae 100644
--- a/chronicle/go.sum
+++ b/chronicle/go.sum
@@ -1,5 +1,5 @@
-cloud.google.com/go v0.120.1 h1:Z+5V7yd383+9617XDCyszmK5E4wJRJL+tquMfDj9hLM=
-cloud.google.com/go v0.120.1/go.mod h1:56Vs7sf/i2jYM6ZL9NYlC82r04PThNcPS5YgFmb0rp8=
+cloud.google.com/go v0.120.0 h1:wc6bgG9DHyKqF5/vQvX1CiZrtHnxJjBlKUyF9nP6meA=
+cloud.google.com/go v0.120.0/go.mod h1:/beW32s8/pGRuj4IILWQNd4uuebeT4dkOhKmkfit64Q=
 cloud.google.com/go/auth v0.16.3 h1:kabzoQ9/bobUmnseYnBO6qQG7q4a/CffFRlJSxv2wCc=
 cloud.google.com/go/auth v0.16.3/go.mod h1:NucRGjaXfzP1ltpcQ7On/VTZ0H4kWB5Jy+Y9Dnm76fA=
 cloud.google.com/go/auth/oauth2adapt v0.2.8 h1:keo8NaayQZ6wimpNSmW5OPc283g65QNIiLpZnkHRbnc=
@@ -65,12 +65,12 @@ golang.org/x/time v0.12.0 h1:ScB/8o8olJvc+CQPWrK3fPZNfh7qgwCrY0zJmoEQLSE=
 golang.org/x/time v0.12.0/go.mod h1:CDIdPxbZBQxdj6cxyCIdrNogrJKMJ7pr37NYpMcMDSg=
 google.golang.org/api v0.246.0 h1:H0ODDs5PnMZVZAEtdLMn2Ul2eQi7QNjqM2DIFp8TlTM=
 google.golang.org/api v0.246.0/go.mod h1:dMVhVcylamkirHdzEBAIQWUCgqY885ivNeZYd7VAVr8=
-google.golang.org/genproto v0.0.0-20250603155806-513f23925822 h1:rHWScKit0gvAPuOnu87KpaYtjK5zBMLcULh7gxkCXu4=
-google.golang.org/genproto v0.0.0-20250603155806-513f23925822/go.mod h1:HubltRL7rMh0LfnQPkMH4NPDFEWp0jw3vixw7jEM53s=
-google.golang.org/genproto/googleapis/api v0.0.0-20250804133106-a7a43d27e69b h1:ULiyYQ0FdsJhwwZUwbaXpZF5yUE3h+RA+gxvBu37ucc=
-google.golang.org/genproto/googleapis/api v0.0.0-20250804133106-a7a43d27e69b/go.mod h1:oDOGiMSXHL4sDTJvFvIB9nRQCGdLP1o/iVaqQK8zB+M=
-google.golang.org/genproto/googleapis/rpc v0.0.0-20250728155136-f173205681a0 h1:MAKi5q709QWfnkkpNQ0M12hYJ1+e8qYVDyowc4U1XZM=
-google.golang.org/genproto/googleapis/rpc v0.0.0-20250728155136-f173205681a0/go.mod h1:qQ0YXyHHx3XkvlzUtpXDkS29lDSafHMZBAZDc03LQ3A=
+google.golang.org/genproto v0.0.0-20250811160224-6b04f9b4fc78 h1:gJsKZJtYXxYm8PaWpj12C4izFaUzuUS4yzzu9b/Sc5w=
+google.golang.org/genproto v0.0.0-20250811160224-6b04f9b4fc78/go.mod h1:q9+ZJOXH/LcpbpkQSsvYReIH5lCcwvfc2xE8JBSER0Q=
+google.golang.org/genproto/googleapis/api v0.0.0-20250811160224-6b04f9b4fc78 h1:jywZp58LPvDQySsCk1BlaMEhkAb1c57TOeT3v3NST/o=
+google.golang.org/genproto/googleapis/api v0.0.0-20250811160224-6b04f9b4fc78/go.mod h1:y2yVLIE/CSMCPXaHnSKXxu1spLPnglFLegmgdY23uuE=
+google.golang.org/genproto/googleapis/rpc v0.0.0-20250804133106-a7a43d27e69b h1:zPKJod4w6F1+nRGDI9ubnXYhU9NSWoFAijkHkUXeTK8=
+google.golang.org/genproto/googleapis/rpc v0.0.0-20250804133106-a7a43d27e69b/go.mod h1:qQ0YXyHHx3XkvlzUtpXDkS29lDSafHMZBAZDc03LQ3A=
 google.golang.org/grpc v1.74.2 h1:WoosgB65DlWVC9FqI82dGsZhWFNBSLjQ84bjROOpMu4=
 google.golang.org/grpc v1.74.2/go.mod h1:CtQ+BGjaAIXHs/5YS3i473GqwBBa1zGQNevxdeBEXrM=
 google.golang.org/protobuf v1.36.7 h1:IgrO7UwFQGJdRNXH/sQux4R1Dj1WAKcLElzeeRaXV2A=

--- Diff for chronicle/README.md ---
