chrisdsmith@chrisdsmith:~/oss/librarian$ go run ./cmd/librarian generate --image=gcr.io/cloud-go-infra/librariangen:latest --repo=../google-cloud-go-2 -library=google-cloud-secretmanager-v1 -api=google/cloud/secretmanager/v1 --api-source=../googleapis
2025/07/31 18:40:02 INFO librarian arguments="[generate --image=gcr.io/cloud-go-infra/librariangen:latest --repo=../google-cloud-go-2 -library=google-cloud-secretmanager-v1 -api=google/cloud/secretmanager/v1 --api-source=../googleapis]"
2025/07/31 18:40:02 INFO Temporary working directory dir=/tmp/librarian-20250731T184002Z
2025/07/31 18:40:02 INFO Opening repository dir=/usr/local/google/home/chrisdsmith/oss/google-cloud-go-2
2025/07/31 18:40:08 INFO Code will be generated dir=/tmp/librarian-20250731T184002Z/output
2025/07/31 18:40:08 INFO Performing generation for library id=google-cloud-secretmanager-v1
2025/07/31 18:40:08 INFO === Docker start ===============================================================
2025/07/31 18:40:08 INFO /usr/bin/docker run --rm -v /usr/local/google/home/chrisdsmith/oss/google-cloud-go-2/.librarian:/librarian:ro -v /usr/local/google/home/chrisdsmith/oss/google-cloud-go-2/.librarian/generator-input:/input -v /tmp/librarian-20250731T184002Z/output:/output -v /usr/local/google/home/chrisdsmith/oss/googleapis:/source:ro --user 975507:89939 gcr.io/cloud-go-infra/librariangen:latest generate --librarian=/librarian --input=/input --output=/output --source=/source
2025/07/31 18:40:08 INFO --------------------------------------------------------------------------------
2025/07/31 18:40:09 INFO librariangen invoked args="[/usr/local/bin/librariangen generate --librarian=/librarian --input=/input --output=/output --source=/source]"
2025/07/31 18:40:09 INFO generate command started
2025/07/31 18:40:09 INFO reading generate request path=/librarian/generate-request.json
2025/07/31 18:40:09 INFO successfully unmarshalled request library_id=google-cloud-secretmanager-v1
2025/07/31 18:40:09 INFO processing api service_dir=/source/google/cloud/secretmanager/v1
2025/07/31 18:40:09 INFO bazel config loaded conf="&{protoImportPath:cloud.google.com/go/secretmanager/apiv1/secretmanagerpb grpcServiceConfig:secretmanager_grpc_service_config.json gapicImportPath:cloud.google.com/go/secretmanager/apiv1;secretmanager metadata:true releaseLevel:ga restNumericEnums:true serviceYAML:secretmanager_v1.yaml transport:grpc+rest diregapic:false hasGoGRPC:true}"
2025/07/31 18:40:09 INFO running command command="protoc --experimental_allow_proto3_optional --go_out=/output --go-grpc_out=/output --go_gapic_out=/output --go_gapic_opt=go-gapic-package=cloud.google.com/go/secretmanager/apiv1;secretmanager --go_gapic_opt=api-service-config=/source/google/cloud/secretmanager/v1/secretmanager_v1.yaml --go_gapic_opt=grpc-service-config=/source/google/cloud/secretmanager/v1/secretmanager_grpc_service_config.json --go_gapic_opt=transport=grpc+rest --go_gapic_opt=release-level=ga --go_gapic_opt=metadata --go_gapic_opt=rest-numeric-enums -I=/source /source/google/cloud/secretmanager/v1/resources.proto /source/google/cloud/secretmanager/v1/service.proto" dir=/output
2025/07/31 18:40:09 INFO flattening output directory dir=/output
2025/07/31 18:40:09 INFO moving file from=/output/cloud.google.com/go/internal to=/output/internal
2025/07/31 18:40:09 INFO moving file from=/output/cloud.google.com/go/secretmanager to=/output/secretmanager
2025/07/31 18:40:09 INFO using module path from final API importpath=cloud.google.com/go/secretmanager/apiv1
2025/07/31 18:40:09 INFO generate command finished
2025/07/31 18:40:09 INFO librariangen finished successfully
2025/07/31 18:40:09 INFO === Docker end =================================================================
2025/07/31 18:40:09 INFO Clean destinations and copy generated results for library id=google-cloud-secretmanager-v1
2025/07/31 18:40:10 open /usr/local/google/home/chrisdsmith/oss/google-cloud-go-2/internal/generated/snippets/secretmanager/apiv1/Client/AccessSecretVersion/main.go: file exists
exit status 1